<?xml version="1.0" encoding="UTF-8"?>
<!-- Generated by org.testng.reporters.JUnitXMLReporter -->
<testsuite hostname="DESKTOP-6J5OR08" ignored="0" name="Test Shaadi Page" tests="0" failures="0" timestamp="08 Aug 2019 12:44:57 GMT" time="0.113" errors="0">
  <testcase name="@BeforeClass setUpClass" time="0.077" classname="io.cucumber.testng.AbstractTestNGCucumberTests">
    <failure type="java.lang.NoSuchMethodError" message="cucumber.runtime.formatter.PluginFactory.isStepDefinitionReporterName(Ljava/lang/String;)Z">
      <![CDATA[java.lang.NoSuchMethodError: cucumber.runtime.formatter.PluginFactory.isStepDefinitionReporterName(Ljava/lang/String;)Z
at io.cucumber.core.options.RuntimeOptionsBuilder$ParsedPluginData.addPluginName(RuntimeOptionsBuilder.java:218)
at io.cucumber.core.options.RuntimeOptionsBuilder.addPluginName(RuntimeOptionsBuilder.java:73)
at io.cucumber.core.options.CucumberOptionsAnnotationParser.addPlugins(CucumberOptionsAnnotationParser.java:96)
at io.cucumber.core.options.CucumberOptionsAnnotationParser.parse(CucumberOptionsAnnotationParser.java:51)
at io.cucumber.testng.TestNGCucumberRunner.<init>(TestNGCucumberRunner.java:49)
at io.cucumber.testng.AbstractTestNGCucumberTests.setUpClass(AbstractTestNGCucumberTests.java:18)
at java.util.concurrent.FutureTask.run(Unknown Source)
at java.util.concurrent.ThreadPoolExecutor.runWorker(Unknown Source)
at java.util.concurrent.ThreadPoolExecutor$Worker.run(Unknown Source)
at java.lang.Thread.run(Unknown Source)
... Removed 17 stack frames]]>
    </failure>
  </testcase> <!-- @BeforeClass setUpClass -->
</testsuite> <!-- Test Shaadi Page -->
