<?xml version="1.0" encoding="UTF-8"?>
<testng-results skipped="0" failed="0" ignored="0" total="1" passed="1">
  <reporter-output>
  </reporter-output>
  <suite name="Default suite" duration-ms="34942" started-at="2019-08-10T08:40:44Z" finished-at="2019-08-10T08:41:19Z">
    <groups>
      <group name="cucumber">
        <method signature="AbstractTestNGCucumberTests.feature(cucumber.api.testng.CucumberFeatureWrapper)[pri:0, instance:com.shaadi.automation.testrunner.TestRunner@59ec2012]" name="feature" class="cucumber.api.testng.AbstractTestNGCucumberTests"/>
      </group> <!-- cucumber -->
    </groups>
    <test name="Default test" duration-ms="34942" started-at="2019-08-10T08:40:44Z" finished-at="2019-08-10T08:41:19Z">
      <class name="com.shaadi.automation.testrunner.TestRunner">
        <test-method status="PASS" signature="setUpClass()[pri:0, instance:com.shaadi.automation.testrunner.TestRunner@59ec2012]" name="setUpClass" is-config="true" duration-ms="435" started-at="2019-08-10T08:40:44Z" finished-at="2019-08-10T08:40:45Z">
          <reporter-output>
          </reporter-output>
        </test-method> <!-- setUpClass -->
        <test-method status="PASS" signature="feature(cucumber.api.testng.CucumberFeatureWrapper)[pri:0, instance:com.shaadi.automation.testrunner.TestRunner@59ec2012]" name="feature" duration-ms="34217" started-at="2019-08-10T08:40:45Z" description="Runs Cucumber Feature" data-provider="features" finished-at="2019-08-10T08:41:19Z">
          <params>
            <param index="0">
              <value>
                <![CDATA[Scenario to verify the Mother tongue matches the community]]>
              </value>
            </param>
          </params>
          <reporter-output>
          </reporter-output>
        </test-method> <!-- feature -->
        <test-method status="PASS" signature="tearDownClass()[pri:0, instance:com.shaadi.automation.testrunner.TestRunner@59ec2012]" name="tearDownClass" is-config="true" duration-ms="32" started-at="2019-08-10T08:41:19Z" finished-at="2019-08-10T08:41:19Z">
          <reporter-output>
          </reporter-output>
        </test-method> <!-- tearDownClass -->
      </class> <!-- com.shaadi.automation.testrunner.TestRunner -->
    </test> <!-- Default test -->
  </suite> <!-- Default suite -->
</testng-results>
